Arguments: 
  C:\Program Files\nodejs\node.exe C:\Users\12278\AppData\Roaming\npm\node_modules\yarn\bin\yarn.js add @types/page-metadata-parser @types/domino

PATH: 
  C:\Program Files (x86)\Intel\iCLS Client\;C:\Program Files\Intel\iCLS Client\;C:\Program Files (x86)\Common Files\Oracle\Java\javapath;C:\Windows\system32;C:\Windows;C:\Windows\System32\Wbem;C:\Windows\System32\WindowsPowerShell\v1.0\;C:\Program Files (x86)\NVIDIA Corporation\PhysX\Common;C:\Program Files\NVIDIA Corporation\NVIDIA NvDLISR;C:\Program Files\dotnet\;C:\Program Files\Microsoft SQL Server\130\Tools\Binn\;C:\Program Files\Microsoft SQL Server\Client SDK\ODBC\170\Tools\Binn\;C:\WINDOWS\system32;C:\WINDOWS;C:\WINDOWS\System32\Wbem;C:\WINDOWS\System32\WindowsPowerShell\v1.0\;C:\WINDOWS\System32\OpenSSH\;C:\Program Files\PuTTY\;C:\Program Files (x86)\Intel\Intel(R) Management Engine Components\DAL;C:\Program Files\Intel\Intel(R) Management Engine Components\DAL;C:\Program Files (x86)\Intel\Intel(R) Management Engine Components\IPT;C:\Program Files\Intel\Intel(R) Management Engine Components\IPT;C:\Program Files\nodejs\;C:\Program Files\MySQL\MySQL Shell 8.0\bin\;C:\Users\12278\scoop\apps\python\current;C:\Users\12278\scoop\apps\python\current\Scripts;C:\Users\12278\.cargo\bin;C:\Users\12278\scoop\shims;C:\Users\12278\AppData\Roaming\local\bin;C:\Users\12278\AppData\Local\Microsoft\WindowsApps;F:\Program Files\Racket;C:\Users\12278\AppData\Local\Programs\Microsoft VS Code\bin;C:\Users\12278\AppData\Local\GitHubDesktop\bin;F:\vcpkg-master;E:\tools\ghc-8.6.5\bin;C:\Users\12278\AppData\Local\Microsoft\WindowsApps;f:\Program Files\JetBrains\IntelliJ IDEA Community Edition 2019.2\bin;C:\Users\12278\scoop\apps\neovim\current\bin;E:\tools\processing-3.5.3;C:\Program Files\swipl\bin;C:\Users\12278\AppData\Roaming\npm;C:\Program Files\MongoDB\Server\4.2\bin;C:\Program Files\Docker Toolbox

Yarn version: 
  1.21.1

Node version: 
  12.14.1

Platform: 
  win32 x64

Trace: 
  Error: https://registry.npm.taobao.org/@types%2fpage-metadata-parser: Not found
      at Request.params.callback [as _callback] (C:\Users\12278\AppData\Roaming\npm\node_modules\yarn\lib\cli.js:66947:18)
      at Request.self.callback (C:\Users\12278\AppData\Roaming\npm\node_modules\yarn\lib\cli.js:140665:22)
      at Request.emit (events.js:223:5)
      at Request.<anonymous> (C:\Users\12278\AppData\Roaming\npm\node_modules\yarn\lib\cli.js:141637:10)
      at Request.emit (events.js:223:5)
      at IncomingMessage.<anonymous> (C:\Users\12278\AppData\Roaming\npm\node_modules\yarn\lib\cli.js:141559:12)
      at Object.onceWrapper (events.js:312:28)
      at IncomingMessage.emit (events.js:228:7)
      at endReadableNT (_stream_readable.js:1185:12)
      at processTicksAndRejections (internal/process/task_queues.js:81:21)

npm manifest: 
  {
    "name": "article-crawler",
    "version": "0.0.0",
    "description": "article-crawler",
    "main": "index.js",
    "author": {
      "name": ""
    },
    "scripts": {
      "build": "tsc --build",
      "clean": "tsc --build --clean"
    },
    "devDependencies": {
      "@types/node": "^8.0.14",
      "typescript": "^3.2.2"
    },
    "dependencies": {
      "@types/axios": "^0.14.0",
      "@types/cheerio": "^0.22.16",
      "@types/lodash": "^4.14.149",
      "@types/pretty": "^2.0.0",
      "@types/reflect-metadata": "^0.1.0"
    }
  }

yarn manifest: 
  No manifest

Lockfile: 
  # THIS IS AN AUTOGENERATED FILE. DO NOT EDIT THIS FILE DIRECTLY.
  # yarn lockfile v1
  
  
  "@types/axios@^0.14.0":
    version "0.14.0"
    resolved "https://registry.npm.taobao.org/@types/axios/download/@types/axios-0.14.0.tgz#ec2300fbe7d7dddd7eb9d3abf87999964cafce46"
    integrity sha1-7CMA++fX3d1+udOr+HmZlkyvzkY=
    dependencies:
      axios "*"
  
  "@types/cheerio@^0.22.16":
    version "0.22.16"
    resolved "https://registry.npm.taobao.org/@types/cheerio/download/@types/cheerio-0.22.16.tgz#c748a97b8a6f781b04bbda4a552e11b35bcc77e4"
    integrity sha1-x0ipe4pveBsEu9pKVS4Rs1vMd+Q=
    dependencies:
      "@types/node" "*"
  
  "@types/lodash@^4.14.149":
    version "4.14.149"
    resolved "https://registry.npm.taobao.org/@types/lodash/download/@types/lodash-4.14.149.tgz#1342d63d948c6062838fbf961012f74d4e638440"
    integrity sha1-E0LWPZSMYGKDj7+WEBL3TU5jhEA=
  
  "@types/node@*":
    version "13.7.0"
    resolved "https://registry.npm.taobao.org/@types/node/download/@types/node-13.7.0.tgz#b417deda18cf8400f278733499ad5547ed1abec4"
    integrity sha1-tBfe2hjPhADyeHM0ma1VR+0avsQ=
  
  "@types/node@^8.0.14":
    version "8.10.59"
    resolved "https://registry.npm.taobao.org/@types/node/download/@types/node-8.10.59.tgz#9e34261f30183f9777017a13d185dfac6b899e04"
    integrity sha1-njQmHzAYP5d3AXoT0YXfrGuJngQ=
  
  "@types/pretty@^2.0.0":
    version "2.0.0"
    resolved "https://registry.npm.taobao.org/@types/pretty/download/@types/pretty-2.0.0.tgz#4e8ce2f200db5de424791d0bc8d023f24ff312a9"
    integrity sha1-Tozi8gDbXeQkeR0LyNAj8k/zEqk=
  
  "@types/reflect-metadata@^0.1.0":
    version "0.1.0"
    resolved "https://registry.npm.taobao.org/@types/reflect-metadata/download/@types/reflect-metadata-0.1.0.tgz#592805bdf6d63dd7229773218afeba37ac2eab16"
    integrity sha1-WSgFvfbWPdcil3Mhiv66N6wuqxY=
    dependencies:
      reflect-metadata "*"
  
  axios@*:
    version "0.19.2"
    resolved "https://registry.npm.taobao.org/axios/download/axios-0.19.2.tgz#3ea36c5d8818d0d5f8a8a97a6d36b86cdc00cb27"
    integrity sha1-PqNsXYgY0NX4qKl6bTa4bNwAyyc=
    dependencies:
      follow-redirects "1.5.10"
  
  debug@=3.1.0:
    version "3.1.0"
    resolved "https://registry.npm.taobao.org/debug/download/debug-3.1.0.tgz#5bb5a0672628b64149566ba16819e61518c67261"
    integrity sha1-W7WgZyYotkFJVmuhaBnmFRjGcmE=
    dependencies:
      ms "2.0.0"
  
  follow-redirects@1.5.10:
    version "1.5.10"
    resolved "https://registry.npm.taobao.org/follow-redirects/download/follow-redirects-1.5.10.tgz#7b7a9f9aea2fdff36786a94ff643ed07f4ff5e2a"
    integrity sha1-e3qfmuov3/NnhqlP9kPtB/T/Xio=
    dependencies:
      debug "=3.1.0"
  
  ms@2.0.0:
    version "2.0.0"
    resolved "https://registry.npm.taobao.org/ms/download/ms-2.0.0.tgz#5608aeadfc00be6c2901df5f9861788de0d597c8"
    integrity sha1-VgiurfwAvmwpAd9fmGF4jeDVl8g=
  
  reflect-metadata@*:
    version "0.1.13"
    resolved "https://registry.npm.taobao.org/reflect-metadata/download/reflect-metadata-0.1.13.tgz#67ae3ca57c972a2aa1642b10fe363fe32d49dc08"
    integrity sha1-Z648pXyXKiqhZCsQ/jY/4y1J3Ag=
  
  typescript@^3.2.2:
    version "3.7.5"
    resolved "https://registry.npm.taobao.org/typescript/download/typescript-3.7.5.tgz#0692e21f65fd4108b9330238aac11dd2e177a1ae"
    integrity sha1-BpLiH2X9QQi5MwI4qsEd0uF3oa4=
